[2019-05-14 22:43:58.135] [sharedprocess] [info] main {"machineId":"2e6d6cfbe4f1acb8f3e9cc2f21f309ccfaad4c51f38e4af201736f93edd0c6eb"}
[2019-05-14 22:43:58.261] [sharedprocess] [info] Scanned user extensions: 0
[2019-05-14 22:43:58.406] [sharedprocess] [info] Scanned system extensions: 72
[2019-05-14 22:43:58.495] [sharedprocess] [info] Scanned user extensions: 0
[2019-05-14 22:43:58.498] [sharedprocess] [info] Scanned user extensions: 0
[2019-05-14 22:43:58.676] [sharedprocess] [info] Scanned system extensions: 72
[2019-05-14 22:43:58.685] [sharedprocess] [info] Scanned system extensions: 72
[2019-05-14 22:43:59.279] [sharedprocess] [info] Scanned user extensions: 0
[2019-05-14 22:44:06.624] [sharedprocess] [info] Scanned user extensions: 0
[2019-05-14 22:44:06.639] [sharedprocess] [info] Scanned user extensions: 0
[2019-05-14 22:44:06.860] [sharedprocess] [info] Scanned system extensions: 72
[2019-05-14 22:44:06.872] [sharedprocess] [info] Scanned system extensions: 72
[2019-05-14 22:44:08.714] [sharedprocess] [info] Scanned user extensions: 0
[2019-05-14 22:44:38.162] [sharedprocess] [info] Starting to clean up unused language packs.
[2019-05-14 22:45:07.477] [sharedprocess] [info] Scanned user extensions: 0
[2019-05-14 22:45:07.480] [sharedprocess] [info] Scanned user extensions: 0
[2019-05-14 22:45:07.482] [sharedprocess] [info] Scanned user extensions: 0
[2019-05-14 22:45:07.497] [sharedprocess] [info] Scanned user extensions: 0
[2019-05-14 22:45:07.723] [sharedprocess] [info] Scanned system extensions: 72
[2019-05-14 22:45:07.733] [sharedprocess] [info] Scanned system extensions: 72
[2019-05-14 22:45:07.768] [sharedprocess] [info] Scanned system extensions: 72
[2019-05-14 22:45:14.544] [sharedprocess] [info] Installing extension: peterjausovec.vscode-docker
[2019-05-14 22:45:14.551] [sharedprocess] [info] Scanned user extensions: 0
[2019-05-14 22:45:26.079] [sharedprocess] [info] Downloaded extension: peterjausovec.vscode-docker /tmp/343ef53c-b36e-4ad5-8f5b-6f67d3789bdb
[2019-05-14 22:45:28.392] [sharedprocess] [info] Extracted extension to /root/.vscode/extensions/.peterjausovec.vscode-docker-0.6.2: peterjausovec.vscode-docker
[2019-05-14 22:45:28.393] [sharedprocess] [info] Renamed to /root/.vscode/extensions/peterjausovec.vscode-docker-0.6.2
[2019-05-14 22:45:28.399] [sharedprocess] [info] Installation completed. peterjausovec.vscode-docker
[2019-05-14 22:45:28.434] [sharedprocess] [info] Scanned user extensions: 1
[2019-05-14 22:45:28.546] [sharedprocess] [info] Scanned system extensions: 72
[2019-05-14 22:45:28.547] [sharedprocess] [info] Extensions installed successfully: peterjausovec.vscode-docker
[2019-05-14 22:49:09.203] [sharedprocess] [info] Scanned user extensions: 1
[2019-05-14 22:54:09.572] [sharedprocess] [info] Scanned user extensions: 1
[2019-05-14 22:59:09.591] [sharedprocess] [info] Scanned user extensions: 1
[2019-05-14 23:04:09.610] [sharedprocess] [info] Scanned user extensions: 1
[2019-05-14 23:09:09.640] [sharedprocess] [info] Scanned user extensions: 1
[2019-05-14 23:14:09.672] [sharedprocess] [info] Scanned user extensions: 1
[2019-05-14 23:19:09.693] [sharedprocess] [info] Scanned user extensions: 1
[2019-05-14 23:24:09.709] [sharedprocess] [info] Scanned user extensions: 1
[2019-05-14 23:29:09.731] [sharedprocess] [info] Scanned user extensions: 1
[2019-05-14 23:33:49.288] [sharedprocess] [info] Installing extension: dunstontc.vscode-docker-syntax
[2019-05-14 23:33:49.305] [sharedprocess] [info] Scanned user extensions: 1
[2019-05-14 23:33:49.786] [sharedprocess] [info] Downloaded extension: dunstontc.vscode-docker-syntax /tmp/c900e852-4f2d-44e0-acdb-9d8a9909e859
[2019-05-14 23:33:49.821] [sharedprocess] [info] Extracted extension to /root/.vscode/extensions/.dunstontc.vscode-docker-syntax-0.1.5: dunstontc.vscode-docker-syntax
[2019-05-14 23:33:49.821] [sharedprocess] [info] Renamed to /root/.vscode/extensions/dunstontc.vscode-docker-syntax-0.1.5
[2019-05-14 23:33:49.822] [sharedprocess] [info] Installation completed. dunstontc.vscode-docker-syntax
[2019-05-14 23:33:49.826] [sharedprocess] [info] Extensions installed successfully: dunstontc.vscode-docker-syntax
[2019-05-14 23:34:09.751] [sharedprocess] [info] Scanned user extensions: 2
[2019-05-14 23:39:09.807] [sharedprocess] [info] Scanned user extensions: 2
[2019-05-14 23:44:09.828] [sharedprocess] [info] Scanned user extensions: 2
[2019-05-14 23:49:10.360] [sharedprocess] [info] Scanned user extensions: 2
[2019-05-14 23:54:10.377] [sharedprocess] [info] Scanned user extensions: 2
[2019-05-14 23:59:10.415] [sharedprocess] [info] Scanned user extensions: 2
[2019-05-15 00:04:10.434] [sharedprocess] [info] Scanned user extensions: 2
[2019-05-15 00:09:10.475] [sharedprocess] [info] Scanned user extensions: 2
[2019-05-15 00:14:10.518] [sharedprocess] [info] Scanned user extensions: 2
[2019-05-15 00:19:10.543] [sharedprocess] [info] Scanned user extensions: 2
[2019-05-15 00:24:10.565] [sharedprocess] [info] Scanned user extensions: 2
[2019-05-15 00:29:10.578] [sharedprocess] [info] Scanned user extensions: 2
[2019-05-15 00:34:10.611] [sharedprocess] [info] Scanned user extensions: 2
[2019-05-15 00:39:10.629] [sharedprocess] [info] Scanned user extensions: 2
[2019-05-15 00:44:10.759] [sharedprocess] [info] Scanned user extensions: 2
[2019-05-15 00:49:11.428] [sharedprocess] [info] Scanned user extensions: 2
[2019-05-15 00:54:11.518] [sharedprocess] [info] Scanned user extensions: 2
[2019-05-15 00:59:11.557] [sharedprocess] [info] Scanned user extensions: 2
[2019-05-15 01:04:11.580] [sharedprocess] [info] Scanned user extensions: 2
[2019-05-15 01:09:11.739] [sharedprocess] [info] Scanned user extensions: 2
[2019-05-15 01:14:11.771] [sharedprocess] [info] Scanned user extensions: 2
[2019-05-15 01:19:11.790] [sharedprocess] [info] Scanned user extensions: 2
[2019-05-15 01:24:11.806] [sharedprocess] [info] Scanned user extensions: 2
[2019-05-15 01:29:11.832] [sharedprocess] [info] Scanned user extensions: 2
[2019-05-15 01:34:11.850] [sharedprocess] [info] Scanned user extensions: 2
[2019-05-15 01:39:11.877] [sharedprocess] [info] Scanned user extensions: 2
[2019-05-15 01:44:11.904] [sharedprocess] [info] Scanned user extensions: 2
[2019-05-15 01:49:12.471] [sharedprocess] [info] Scanned user extensions: 2
[2019-05-15 01:54:12.495] [sharedprocess] [info] Scanned user extensions: 2
[2019-05-15 01:59:12.519] [sharedprocess] [info] Scanned user extensions: 2
[2019-05-15 02:04:12.542] [sharedprocess] [info] Scanned user extensions: 2
[2019-05-15 02:09:12.561] [sharedprocess] [info] Scanned user extensions: 2
[2019-05-15 02:14:12.578] [sharedprocess] [info] Scanned user extensions: 2
[2019-05-15 02:19:12.597] [sharedprocess] [info] Scanned user extensions: 2
[2019-05-15 02:24:12.615] [sharedprocess] [info] Scanned user extensions: 2
[2019-05-15 02:29:12.638] [sharedprocess] [info] Scanned user extensions: 2
[2019-05-15 02:34:12.658] [sharedprocess] [info] Scanned user extensions: 2
[2019-05-15 02:39:12.678] [sharedprocess] [info] Scanned user extensions: 2
[2019-05-15 02:44:12.695] [sharedprocess] [info] Scanned user extensions: 2
[2019-05-15 02:49:13.220] [sharedprocess] [info] Scanned user extensions: 2
[2019-05-15 02:54:13.242] [sharedprocess] [info] Scanned user extensions: 2
[2019-05-15 02:59:13.262] [sharedprocess] [info] Scanned user extensions: 2
[2019-05-15 03:04:13.282] [sharedprocess] [info] Scanned user extensions: 2
[2019-05-15 03:09:13.307] [sharedprocess] [info] Scanned user extensions: 2
[2019-05-15 03:14:13.331] [sharedprocess] [info] Scanned user extensions: 2
[2019-05-15 03:19:13.886] [sharedprocess] [info] Scanned user extensions: 2
[2019-05-15 03:24:14.085] [sharedprocess] [info] Scanned user extensions: 2
[2019-05-15 03:29:14.153] [sharedprocess] [info] Scanned user extensions: 2
[2019-05-15 03:34:14.175] [sharedprocess] [info] Scanned user extensions: 2
[2019-05-15 03:39:14.192] [sharedprocess] [info] Scanned user extensions: 2
[2019-05-15 03:44:14.216] [sharedprocess] [info] Scanned user extensions: 2
[2019-05-15 03:49:14.734] [sharedprocess] [info] Scanned user extensions: 2
[2019-05-15 03:54:14.757] [sharedprocess] [info] Scanned user extensions: 2
[2019-05-15 03:54:47.206] [sharedprocess] [info] Scanned user extensions: 2
[2019-05-15 03:54:47.567] [sharedprocess] [info] Scanned system extensions: 72
[2019-05-15 03:56:00.331] [sharedprocess] [info] Scanned user extensions: 2
[2019-05-15 03:56:00.420] [sharedprocess] [info] Scanned system extensions: 72
[2019-05-15 03:56:10.284] [sharedprocess] [info] Scanned user extensions: 2
[2019-05-15 03:56:10.371] [sharedprocess] [info] Scanned system extensions: 72
[2019-05-15 03:57:24.970] [sharedprocess] [info] Scanned user extensions: 2
[2019-05-15 03:57:25.023] [sharedprocess] [info] Scanned system extensions: 72
[2019-05-15 03:59:14.777] [sharedprocess] [info] Scanned user extensions: 2
[2019-05-15 04:04:14.797] [sharedprocess] [info] Scanned user extensions: 2
[2019-05-15 04:09:14.814] [sharedprocess] [info] Scanned user extensions: 2
[2019-05-15 04:14:14.834] [sharedprocess] [info] Scanned user extensions: 2
[2019-05-15 04:19:14.854] [sharedprocess] [info] Scanned user extensions: 2
[2019-05-15 04:24:14.870] [sharedprocess] [info] Scanned user extensions: 2
[2019-05-15 04:29:14.896] [sharedprocess] [info] Scanned user extensions: 2
[2019-05-15 04:34:14.914] [sharedprocess] [info] Scanned user extensions: 2
[2019-05-15 04:39:14.931] [sharedprocess] [info] Scanned user extensions: 2
[2019-05-15 04:44:14.958] [sharedprocess] [info] Scanned user extensions: 2
[2019-05-15 04:49:16.078] [sharedprocess] [info] Scanned user extensions: 2
[2019-05-15 04:54:16.096] [sharedprocess] [info] Scanned user extensions: 2
[2019-05-15 04:59:16.116] [sharedprocess] [info] Scanned user extensions: 2
[2019-05-15 05:04:16.138] [sharedprocess] [info] Scanned user extensions: 2
[2019-05-15 05:09:16.167] [sharedprocess] [info] Scanned user extensions: 2
[2019-05-15 05:14:16.196] [sharedprocess] [info] Scanned user extensions: 2
[2019-05-15 05:19:16.217] [sharedprocess] [info] Scanned user extensions: 2
[2019-05-15 05:24:16.239] [sharedprocess] [info] Scanned user extensions: 2
[2019-05-15 05:29:16.258] [sharedprocess] [info] Scanned user extensions: 2
[2019-05-15 05:34:16.280] [sharedprocess] [info] Scanned user extensions: 2
[2019-05-15 05:39:16.298] [sharedprocess] [info] Scanned user extensions: 2
[2019-05-15 05:44:16.325] [sharedprocess] [info] Scanned user extensions: 2
[2019-05-15 05:49:16.979] [sharedprocess] [info] Scanned user extensions: 2
[2019-05-15 05:54:17.002] [sharedprocess] [info] Scanned user extensions: 2
[2019-05-15 05:59:17.019] [sharedprocess] [info] Scanned user extensions: 2
[2019-05-15 06:01:23.737] [sharedprocess] [info] Scanned user extensions: 2
[2019-05-15 06:01:23.776] [sharedprocess] [info] Scanned system extensions: 72
[2019-05-15 06:04:17.036] [sharedprocess] [info] Scanned user extensions: 2
[2019-05-15 06:09:17.052] [sharedprocess] [info] Scanned user extensions: 2
[2019-05-15 06:14:17.072] [sharedprocess] [info] Scanned user extensions: 2
[2019-05-15 06:19:17.090] [sharedprocess] [info] Scanned user extensions: 2
[2019-05-15 06:24:17.112] [sharedprocess] [info] Scanned user extensions: 2
[2019-05-15 06:29:17.136] [sharedprocess] [info] Scanned user extensions: 2
[2019-05-15 06:34:17.182] [sharedprocess] [info] Scanned user extensions: 2
[2019-05-15 06:36:38.004] [sharedprocess] [info] Scanned user extensions: 2
[2019-05-15 06:36:38.158] [sharedprocess] [info] Scanned system extensions: 72
[2019-05-15 06:36:51.868] [sharedprocess] [info] Installing extension: felixrieseberg.vsc-travis-ci-status
[2019-05-15 06:36:51.921] [sharedprocess] [info] Scanned user extensions: 2
[2019-05-15 06:36:54.455] [sharedprocess] [info] Downloaded extension: felixrieseberg.vsc-travis-ci-status /tmp/b5ab62ea-4a70-4680-af91-e3693b4cd0ee
[2019-05-15 06:36:56.981] [sharedprocess] [info] Extracted extension to /root/.vscode/extensions/.felixrieseberg.vsc-travis-ci-status-1.1.0: felixrieseberg.vsc-travis-ci-status
[2019-05-15 06:36:56.982] [sharedprocess] [info] Renamed to /root/.vscode/extensions/felixrieseberg.vsc-travis-ci-status-1.1.0
[2019-05-15 06:36:56.984] [sharedprocess] [info] Installation completed. felixrieseberg.vsc-travis-ci-status
[2019-05-15 06:36:57.001] [sharedprocess] [info] Extensions installed successfully: felixrieseberg.vsc-travis-ci-status
[2019-05-15 06:37:03.545] [sharedprocess] [info] Scanned user extensions: 3
[2019-05-15 06:37:03.644] [sharedprocess] [info] Scanned system extensions: 72
[2019-05-15 06:39:17.204] [sharedprocess] [info] Scanned user extensions: 3
[2019-05-15 06:44:17.226] [sharedprocess] [info] Scanned user extensions: 3
[2019-05-15 06:49:17.711] [sharedprocess] [info] Scanned user extensions: 3
[2019-05-15 06:54:17.980] [sharedprocess] [info] Scanned user extensions: 3
[2019-05-15 06:54:48.517] [sharedprocess] [info] Scanned user extensions: 3
[2019-05-15 06:54:48.709] [sharedprocess] [info] Scanned system extensions: 72
[2019-05-15 06:59:18.234] [sharedprocess] [info] Scanned user extensions: 3
[2019-05-15 07:04:18.263] [sharedprocess] [info] Scanned user extensions: 3
[2019-05-15 07:09:18.283] [sharedprocess] [info] Scanned user extensions: 3
[2019-05-15 07:14:18.302] [sharedprocess] [info] Scanned user extensions: 3
